<?xml version="1.0" encoding="UTF-8" ?>
<testsuite tests="5" failures="0" name="Junit.JUnitTest" time="0.005" errors="0" skipped="0">
  <properties>
    <property name="java.runtime.name" value="Java(TM) SE Runtime Environment"/>
    <property name="java.vm.version" value="17.0.1+12-LTS-39"/>
    <property name="sun.boot.library.path" value="C:\Users\david\Desktop\jdk-17.0.1_windows-x64_bin\jdk-17.0.1\bin"/>
    <property name="maven.multiModuleProjectDirectory" value="C:\Users\david\Desktop\gitDaw\Entornos\Junit"/>
    <property name="java.vm.vendor" value="Oracle Corporation"/>
    <property name="java.vendor.url" value="https://java.oracle.com/"/>
    <property name="guice.disable.misplaced.annotation.check" value="true"/>
    <property name="path.separator" value=";"/>
    <property name="java.vm.name" value="Java HotSpot(TM) 64-Bit Server VM"/>
    <property name="sun.os.patch.level" value=""/>
    <property name="user.script" value=""/>
    <property name="user.country" value="ES"/>
    <property name="sun.java.launcher" value="SUN_STANDARD"/>
    <property name="test" value="Junit.JUnitTest"/>
    <property name="java.vm.specification.name" value="Java Virtual Machine Specification"/>
    <property name="user.dir" value="C:\Users\david\Desktop\gitDaw\Entornos\Junit"/>
    <property name="java.vm.compressedOopsMode" value="Zero based"/>
    <property name="java.runtime.version" value="17.0.1+12-LTS-39"/>
    <property name="os.arch" value="amd64"/>
    <property name="java.io.tmpdir" value="C:\Users\david\AppData\Local\Temp\"/>
    <property name="line.separator" value="
"/>
    <property name="java.vm.specification.vendor" value="Oracle Corporation"/>
    <property name="user.variant" value=""/>
    <property name="os.name" value="Windows 10"/>
    <property name="maven.ext.class.path" value="F:\NetBeans-13\netbeans\java\maven-nblib\netbeans-eventspy.jar"/>
    <property name="classworlds.conf" value="F:\NetBeans-13\netbeans\java\maven\bin\m2.conf"/>
    <property name="sun.jnu.encoding" value="Cp1252"/>
    <property name="java.library.path" value="C:\Users\david\Desktop\jdk-17.0.1_windows-x64_bin\jdk-17.0.1\bin;C:\Windows\Sun\Java\bin;C:\Windows\system32;C:\Windows;C:\Windows\system32;C:\Windows;C:\Windows\System32\Wbem;C:\Windows\System32\WindowsPowerShell\v1.0\;C:\Windows\System32\OpenSSH\;F:\Git\cmd;C:\Program Files\NVIDIA Corporation\NVIDIA NvDLISR;C:\Program Files (x86)\NVIDIA Corporation\PhysX\Common;C:\Program Files\dotnet\;D:\Git LFS;C:\ProgramData\chocolatey\bin;C:\Program Files\nodejs\;F:\laragon\bin\php\php-8.0.7;D:\AutoFirma\AutoFirma;C:\ProgramData\ComposerSetup\bin;F:\laragon\etc\php\pear;D:\puTTY\;C:\Users\david\Desktop\jdk-17.0.1_windows-x64_bin\jdk-17.0.1\bin;C:\Users\david\AppData\Local\Programs\Python\Python310\Scripts\;C:\Users\david\AppData\Local\Programs\Python\Python310\;C:\Program Files\MySQL\MySQL Shell 8.0\bin\;C:\Users\david\AppData\Local\Yarn\config\global\node_modules\.bin;C:\Users\david\AppData\Roaming\Composer\vendor\bin;C:\Users\david\AppData\Roaming\npm;F:\laragon\bin;F:\laragon\bin\apache\httpd-2.4.47-win64-VS16\bin;F:\laragon\bin\composer;F:\laragon\bin\git\bin;F:\laragon\bin\git\cmd;F:\laragon\bin\git\mingw64\bin;F:\laragon\bin\git\usr\bin;F:\laragon\bin\laragon\utils;F:\laragon\bin\mysql\mysql-5.7.33-winx64\bin;F:\laragon\bin\nginx\nginx-1.19.10;F:\laragon\bin\ngrok;F:\laragon\bin\nodejs\node-v14;F:\laragon\bin\notepad++;F:\laragon\bin\php\php8;F:\laragon\bin\redis\redis-x64-3.2.100;F:\laragon\bin\telnet;F:\laragon\usr\bin;C:\Users\david\AppData\Local\Microsoft\WindowsApps;F:\Microsoft VS Code\bin;C:\Users\david\.dotnet\tools;C:\Users\david\AppData\Local\GitHubDesktop\bin;C:\Users\david\Desktop\jdk-17.0.1_windows-x64_bin\jdk-17.0.1;;."/>
    <property name="maven.conf" value="F:\NetBeans-13\netbeans\java\maven/conf"/>
    <property name="jdk.debug" value="release"/>
    <property name="java.class.version" value="61.0"/>
    <property name="java.specification.name" value="Java Platform API Specification"/>
    <property name="sun.management.compiler" value="HotSpot 64-Bit Tiered Compilers"/>
    <property name="os.version" value="10.0"/>
    <property name="library.jansi.path" value="F:\NetBeans-13\netbeans\java\maven\lib\jansi-native"/>
    <property name="user.home" value="C:\Users\david"/>
    <property name="user.timezone" value="Europe/Madrid"/>
    <property name="file.encoding" value="UTF-8"/>
    <property name="java.specification.version" value="17"/>
    <property name="user.name" value="david"/>
    <property name="java.class.path" value="F:\NetBeans-13\netbeans\java\maven\boot\plexus-classworlds-2.6.0.jar"/>
    <property name="java.vm.specification.version" value="17"/>
    <property name="sun.arch.data.model" value="64"/>
    <property name="sun.java.command" value="org.codehaus.plexus.classworlds.launcher.Launcher -Dtest=Junit.JUnitTest -Dmaven.ext.class.path=F:\NetBeans-13\netbeans\java\maven-nblib\netbeans-eventspy.jar -Dfile.encoding=UTF-8 surefire:test"/>
    <property name="java.home" value="C:\Users\david\Desktop\jdk-17.0.1_windows-x64_bin\jdk-17.0.1"/>
    <property name="user.language" value="es"/>
    <property name="java.specification.vendor" value="Oracle Corporation"/>
    <property name="java.vm.info" value="mixed mode, sharing"/>
    <property name="java.version" value="17.0.1"/>
    <property name="native.encoding" value="Cp1252"/>
    <property name="java.vendor" value="Oracle Corporation"/>
    <property name="maven.home" value="F:\NetBeans-13\netbeans\java\maven"/>
    <property name="file.separator" value="\"/>
    <property name="java.version.date" value="2021-10-19"/>
    <property name="java.vendor.url.bug" value="https://bugreport.java.com/bugreport/"/>
    <property name="sun.io.unicode.encoding" value="UnicodeLittle"/>
    <property name="sun.cpu.endian" value="little"/>
    <property name="sun.cpu.isalist" value="amd64"/>
  </properties>
  <testcase classname="Junit.JUnitTest" name="testCalculadora" time="0.004"/>
  <testcase classname="Junit.JUnitTest" name="testCalculadoraSumRes" time="0"/>
  <testcase classname="Junit.JUnitTest" name="testMain" time="0"/>
  <testcase classname="Junit.JUnitTest" name="testDivisionnumeros" time="0.001"/>
  <testcase classname="Junit.JUnitTest" name="testEsmayoromenor" time="0"/>
</testsuite>